/usr/local/opt/llvm/bin/lli

###### Testing test-arith
./src/improv.native tests/test-arith.impv > test-arith.ll
./testAll.sh: line 62: ./src/improv.native: No such file or directory
###### FAILED

###### Testing test-arr-access
./src/improv.native tests/test-arr-access.impv > test-arr-access.ll
./testAll.sh: line 62: ./src/improv.native: No such file or directory
###### FAILED

###### Testing test-arr-assign
./src/improv.native tests/test-arr-assign.impv > test-arr-assign.ll
./testAll.sh: line 62: ./src/improv.native: No such file or directory
###### FAILED

###### Testing test-arr
./src/improv.native tests/test-arr.impv > test-arr.ll
./testAll.sh: line 62: ./src/improv.native: No such file or directory
###### FAILED

###### Testing test-fib
./src/improv.native tests/test-fib.impv > test-fib.ll
./testAll.sh: line 62: ./src/improv.native: No such file or directory
###### FAILED

###### Testing test-for
./src/improv.native tests/test-for.impv > test-for.ll
./testAll.sh: line 62: ./src/improv.native: No such file or directory
###### FAILED

###### Testing test-gcd-recursive
./src/improv.native tests/test-gcd-recursive.impv > test-gcd-recursive.ll
./testAll.sh: line 62: ./src/improv.native: No such file or directory
###### FAILED

###### Testing test-gcd
./src/improv.native tests/test-gcd.impv > test-gcd.ll
./testAll.sh: line 62: ./src/improv.native: No such file or directory
###### FAILED

###### Testing test-if
./src/improv.native tests/test-if.impv > test-if.ll
./testAll.sh: line 62: ./src/improv.native: No such file or directory
###### FAILED

###### Testing test-note
./src/improv.native tests/test-note.impv > test-note.ll
./testAll.sh: line 62: ./src/improv.native: No such file or directory
###### FAILED

###### Testing test-printa
./src/improv.native tests/test-printa.impv > test-printa.ll
./testAll.sh: line 62: ./src/improv.native: No such file or directory
###### FAILED

###### Testing test-printbig
./src/improv.native tests/test-printbig.impv > test-printbig.ll
./testAll.sh: line 62: ./src/improv.native: No such file or directory
###### FAILED

###### Testing test-printi
./src/improv.native tests/test-printi.impv > test-printi.ll
./testAll.sh: line 62: ./src/improv.native: No such file or directory
###### FAILED

###### Testing test-printmidi
./src/improv.native tests/test-printmidi.impv > test-printmidi.ll
./testAll.sh: line 62: ./src/improv.native: No such file or directory
###### FAILED

###### Testing test-printn
./src/improv.native tests/test-printn.impv > test-printn.ll
./testAll.sh: line 62: ./src/improv.native: No such file or directory
###### FAILED

###### Testing test-prints
./src/improv.native tests/test-prints.impv > test-prints.ll
./testAll.sh: line 62: ./src/improv.native: No such file or directory
###### FAILED

###### Testing test-render
./src/improv.native tests/test-render.impv > test-render.ll
./testAll.sh: line 62: ./src/improv.native: No such file or directory
###### FAILED

###### Testing test-sort
./src/improv.native tests/test-sort.impv > test-sort.ll
./testAll.sh: line 62: ./src/improv.native: No such file or directory
###### FAILED

###### Testing test-var-int
./src/improv.native tests/test-var-int.impv > test-var-int.ll
./testAll.sh: line 62: ./src/improv.native: No such file or directory
###### FAILED

###### Testing test-var-string
./src/improv.native tests/test-var-string.impv > test-var-string.ll
./testAll.sh: line 62: ./src/improv.native: No such file or directory
###### FAILED

###### Testing test-while
./src/improv.native tests/test-while.impv > test-while.ll
./testAll.sh: line 62: ./src/improv.native: No such file or directory
###### FAILED

###### Testing fail-duplicate-function
./src/improv.native < tests/fail-duplicate-function.impv 2> fail-duplicate-function.err >> testall.log
diff -b fail-duplicate-function.err tests/fail-duplicate-function.err > fail-duplicate-function.diff
FAILED fail-duplicate-function.err differs from tests/fail-duplicate-function.err
###### FAILED

###### Testing fail-inconsistent-arr-type
./src/improv.native < tests/fail-inconsistent-arr-type.impv 2> fail-inconsistent-arr-type.err >> testall.log
diff -b fail-inconsistent-arr-type.err tests/fail-inconsistent-arr-type.err > fail-inconsistent-arr-type.diff
FAILED fail-inconsistent-arr-type.err differs from tests/fail-inconsistent-arr-type.err
###### FAILED

###### Testing fail-inconsistent-return-type
./src/improv.native < tests/fail-inconsistent-return-type.impv 2> fail-inconsistent-return-type.err >> testall.log
diff -b fail-inconsistent-return-type.err tests/fail-inconsistent-return-type.err > fail-inconsistent-return-type.diff
FAILED fail-inconsistent-return-type.err differs from tests/fail-inconsistent-return-type.err
###### FAILED

###### Testing fail-rhythm
./src/improv.native < tests/fail-rhythm.impv 2> fail-rhythm.err >> testall.log
diff -b fail-rhythm.err tests/fail-rhythm.err > fail-rhythm.diff
FAILED fail-rhythm.err differs from tests/fail-rhythm.err
###### FAILED

###### Testing fail-tone
./src/improv.native < tests/fail-tone.impv 2> fail-tone.err >> testall.log
diff -b fail-tone.err tests/fail-tone.err > fail-tone.diff
FAILED fail-tone.err differs from tests/fail-tone.err
###### FAILED

###### Testing fail-undeclared-identifier
./src/improv.native < tests/fail-undeclared-identifier.impv 2> fail-undeclared-identifier.err >> testall.log
diff -b fail-undeclared-identifier.err tests/fail-undeclared-identifier.err > fail-undeclared-identifier.diff
FAILED fail-undeclared-identifier.err differs from tests/fail-undeclared-identifier.err
###### FAILED

###### Testing fail-undefined-function
./src/improv.native < tests/fail-undefined-function.impv 2> fail-undefined-function.err >> testall.log
diff -b fail-undefined-function.err tests/fail-undefined-function.err > fail-undefined-function.diff
FAILED fail-undefined-function.err differs from tests/fail-undefined-function.err
###### FAILED
